[00:09:48] [Server thread/INFO] [net.minecraft.server.dedicated.DedicatedServer]: [Donita1: Teleported Donita1 to TRY_KIMS]
[00:10:28] [Server thread/INFO] [net.minecraft.server.dedicated.DedicatedServer]: [TRY_KIMS: Set own game mode to Survival Mode]
[00:11:04] [Server thread/INFO] [net.minecraft.server.dedicated.DedicatedServer]: [TRY_KIMS: Given    [Experience seeds] * 1 to TRY_KIMS]
[00:14:16] [Server thread/INFO] [net.minecraft.server.dedicated.DedicatedServer]: [Donita1: Teleported Donita1 to TRY_KIMS]
[00:18:07] [Server thread/INFO] [net.minecraft.server.dedicated.DedicatedServer]: [TRY_KIMS: Set own game mode to Creative Mode]
[00:30:08] [Server thread/INFO] [net.minecraft.server.dedicated.DedicatedServer]: [Donita1: Set own game mode to Survival Mode]
[00:30:57] [Server thread/INFO] [net.minecraft.server.dedicated.DedicatedServer]: <TRY_KIMS> te pones bien cachonda hdtpm :P
[00:32:59] [Server thread/INFO] [net.minecraft.server.dedicated.DedicatedServer]: [Donita1: Set own game mode to Creative Mode]
[00:33:02] [Server thread/INFO] [net.minecraft.server.dedicated.DedicatedServer]: [TRY_KIMS: Set own game mode to Survival Mode]
[00:33:30] [Server thread/INFO] [net.minecraft.server.dedicated.DedicatedServer]: [Donita1: Set own game mode to Survival Mode]
[00:33:40] [Server thread/INFO] [Meson ASM]: Transforming ItemHandlerHelper
[00:33:40] [Server thread/INFO] [Meson ASM]: Applying Transformation to method (Names [insertItem, insertItem, ] Descriptor (Lnet/minecraftforge/items/IItemHandler;Lnet/minecraft/item/ItemStack;Z)Lnet/minecraft/item/ItemStack; / (Lnet/minecraftforge/items/IItemHandler;Laip;Z)Laip;)
[00:33:40] [Server thread/INFO] [Meson ASM]: Located method, patching...
[00:33:40] [Server thread/INFO] [Meson ASM]: Located target ALOAD 0
[00:33:40] [Server thread/INFO] [Meson ASM]: Patch result: true
[00:36:57] [Server thread/INFO] [net.minecraft.server.dedicated.DedicatedServer]: [Donita1: Teleported Donita1 to TRY_KIMS]
[00:38:57] [Server thread/WARN] [net.minecraft.network.NetHandlerPlayServer]: Boat (vehicle of TRY_KIMS) moved too quickly! 7.31105276323774,0.0,-7.112915405341482
[00:38:57] [Server thread/WARN] [net.minecraft.network.NetHandlerPlayServer]: Boat (vehicle of TRY_KIMS) moved too quickly! 7.676708730041582,0.0,-7.226036941463462
[00:38:58] [Server thread/WARN] [FML]: Doomlike Dungeons loaded a new chunk [93, -555] in dimension 0 (overworld) while populating chunk [93, -554], causing cascading worldgen lag.
[00:38:58] [Server thread/WARN] [FML]: Please report this to the mod's issue tracker. This log can be disabled in the Forge config.
[00:39:16] [Server thread/WARN] [FML]: Quark loaded a new chunk [95, -554] in dimension 0 (overworld) while populating chunk [94, -554], causing cascading worldgen lag.
[00:39:16] [Server thread/WARN] [FML]: Please report this to the mod's issue tracker. This log can be disabled in the Forge config.
[00:40:02] [Server thread/WARN] [FML]: Quark loaded a new chunk [98, -552] in dimension 0 (overworld) while populating chunk [97, -553], causing cascading worldgen lag.
[00:40:02] [Server thread/WARN] [FML]: Please report this to the mod's issue tracker. This log can be disabled in the Forge config.
[00:40:51] [Server thread/WARN] [FML]: Ruins Mod loaded a new chunk [104, -558] in dimension 0 (overworld) while populating chunk [105, -559], causing cascading worldgen lag.
[00:40:51] [Server thread/WARN] [FML]: Please report this to the mod's issue tracker. This log can be disabled in the Forge config.
[00:40:51] [Server thread/WARN] [FML]: Ruins Mod loaded a new chunk [103, -558] in dimension 0 (overworld) while populating chunk [105, -559], causing cascading worldgen lag.
[00:40:51] [Server thread/WARN] [FML]: Please report this to the mod's issue tracker. This log can be disabled in the Forge config.
[00:40:51] [Server thread/WARN] [FML]: Ruins Mod loaded a new chunk [104, -559] in dimension 0 (overworld) while populating chunk [105, -559], causing cascading worldgen lag.
[00:40:51] [Server thread/WARN] [FML]: Please report this to the mod's issue tracker. This log can be disabled in the Forge config.
[00:41:31] [Server thread/INFO] [AIReducer]: Caching Wrapped Task Constructor: com.charles445.aireducer.ai.myrmexold.WrappedTaskOldMyrmexAILeaveHive
[00:41:31] [Server thread/INFO] [AIReducer]: Caching Wrapped Task Constructor: com.charles445.aireducer.ai.myrmexold.WrappedTaskOldMyrmexAIMoveThroughHive
[00:41:31] [Server thread/INFO] [AIReducer]: Caching Wrapped Task Constructor: com.charles445.aireducer.ai.myrmexold.WrappedTaskOldMyrmexAIReEnterHive
[00:41:31] [Server thread/INFO] [AIReducer]: Caching Wrapped Task Constructor: com.charles445.aireducer.ai.myrmexold.WrappedProximityTaskOldMyrmex
[00:41:31] [Server thread/INFO] [AIReducer]: Caching Wrapped Task Constructor: com.charles445.aireducer.ai.myrmexold.WrappedTaskOldMyrmexAIForage
[00:41:31] [Server thread/INFO] [AIReducer]: Caching Wrapped Task Constructor: com.charles445.aireducer.ai.myrmexold.WrappedTaskOldMyrmexAIEscortEntity
[00:41:31] [Server thread/INFO] [AIReducer]: Caching Wrapped Task Constructor: com.charles445.aireducer.ai.myrmexold.WrappedTaskOldMyrmexAIFindHidingSpot
[00:41:31] [Server thread/INFO] [RLTweaker]: Clearing broken myrmex queen trades: BlockPos{x=1784, y=47, z=-8904}
[00:41:36] [Server thread/WARN] [FML]: Ruins Mod loaded a new chunk [96, -559] in dimension 0 (overworld) while populating chunk [97, -560], causing cascading worldgen lag.
[00:41:36] [Server thread/WARN] [FML]: Please report this to the mod's issue tracker. This log can be disabled in the Forge config.
[00:41:36] [Server thread/WARN] [FML]: Ruins Mod loaded a new chunk [96, -560] in dimension 0 (overworld) while populating chunk [97, -560], causing cascading worldgen lag.
[00:41:36] [Server thread/WARN] [FML]: Please report this to the mod's issue tracker. This log can be disabled in the Forge config.
[00:41:46] [Server thread/WARN] [FML]: Quark loaded a new chunk [114, -540] in dimension 0 (overworld) while populating chunk [114, -541], causing cascading worldgen lag.
[00:41:46] [Server thread/WARN] [FML]: Please report this to the mod's issue tracker. This log can be disabled in the Forge config.
[00:42:00] [Server thread/WARN] [FML]: Quark loaded a new chunk [117, -561] in dimension 0 (overworld) while populating chunk [117, -560], causing cascading worldgen lag.
[00:42:00] [Server thread/WARN] [FML]: Please report this to the mod's issue tracker. This log can be disabled in the Forge config.
[00:42:16] [Server thread/INFO] [Meson ASM]: Transforming ISpecialArmor
[00:42:16] [Server thread/INFO] [Meson ASM]: Applying Transformation to method (Names [applyArmor, applyArmor, ] Descriptor (Lnet/minecraft/entity/EntityLivingBase;Lnet/minecraft/util/NonNullList;Lnet/minecraft/util/DamageSource;D)F / (Lvp;Lfi;Lur;D)F)
[00:42:16] [Server thread/INFO] [Meson ASM]: Located method, patching...
[00:42:16] [Server thread/INFO] [Meson ASM]: Located target ALOAD 1
[00:42:16] [Server thread/INFO] [Meson ASM]: Patch result: true
[00:42:17] [Server thread/INFO] [roguelike]: Trying to spawn dungeon at chunkX 102 and chunkZ -561...
[00:42:18] [Server thread/ERROR] [com.github.fnar.util.SafeRunnable]: com.github.fnar.roguelike.settings.exception.SettingsNotFoundException: No settings with id rlcraft:loot_Starter found.
[00:42:18] [Server thread/WARN] [net.minecraft.network.NetHandlerPlayServer]: TRY_KIMS moved too quickly! -8.221540326416289,-1.4813402975480017,-6.469208590975541
[00:42:23] [Server thread/WARN] [FML]: Recurrent Complex loaded a new chunk [99, -563] in dimension 0 (overworld) while populating chunk [100, -563], causing cascading worldgen lag.
[00:42:23] [Server thread/WARN] [FML]: Please report this to the mod's issue tracker. This log can be disabled in the Forge config.
[00:42:24] [Server thread/WARN] [FML]: Ruins Mod loaded a new chunk [113, -566] in dimension 0 (overworld) while populating chunk [113, -565], causing cascading worldgen lag.
[00:42:24] [Server thread/WARN] [FML]: Please report this to the mod's issue tracker. This log can be disabled in the Forge config.
[00:42:37] [Server thread/WARN] [FML]: Quark loaded a new chunk [120, -547] in dimension 0 (overworld) while populating chunk [120, -548], causing cascading worldgen lag.
[00:42:37] [Server thread/WARN] [FML]: Please report this to the mod's issue tracker. This log can be disabled in the Forge config.
[00:42:37] [Server thread/WARN] [FML]: Quark loaded a new chunk [121, -547] in dimension 0 (overworld) while populating chunk [120, -545], causing cascading worldgen lag.
[00:42:37] [Server thread/WARN] [FML]: Please report this to the mod's issue tracker. This log can be disabled in the Forge config.
[00:43:06] [Server thread/WARN] [FML]: Quark loaded a new chunk [125, -562] in dimension 0 (overworld) while populating chunk [125, -563], causing cascading worldgen lag.
[00:43:06] [Server thread/WARN] [FML]: Please report this to the mod's issue tracker. This log can be disabled in the Forge config.
[00:43:50] [Server thread/WARN] [FML]: Quark loaded a new chunk [137, -560] in dimension 0 (overworld) while populating chunk [136, -560], causing cascading worldgen lag.
[00:43:50] [Server thread/WARN] [FML]: Please report this to the mod's issue tracker. This log can be disabled in the Forge config.
[00:43:50] [Server thread/WARN] [FML]: Quark loaded a new chunk [137, -559] in dimension 0 (overworld) while populating chunk [136, -560], causing cascading worldgen lag.
[00:43:50] [Server thread/WARN] [FML]: Please report this to the mod's issue tracker. This log can be disabled in the Forge config.
[00:45:38] [Server thread/WARN] [FML]: Quark loaded a new chunk [136, -539] in dimension 0 (overworld) while populating chunk [136, -540], causing cascading worldgen lag.
[00:45:38] [Server thread/WARN] [FML]: Please report this to the mod's issue tracker. This log can be disabled in the Forge config.
[00:45:38] [Server thread/WARN] [FML]: Quark loaded a new chunk [135, -539] in dimension 0 (overworld) while populating chunk [136, -540], causing cascading worldgen lag.
[00:45:38] [Server thread/WARN] [FML]: Please report this to the mod's issue tracker. This log can be disabled in the Forge config.
[00:46:23] [Server thread/INFO] [net.minecraft.server.dedicated.DedicatedServer]: <Donita1> se quedo la hija de mi oadrsatro
[00:46:30] [Server thread/WARN] [FML]: Quark loaded a new chunk [147, -533] in dimension 0 (overworld) while populating chunk [147, -534], causing cascading worldgen lag.
[00:46:30] [Server thread/WARN] [FML]: Please report this to the mod's issue tracker. This log can be disabled in the Forge config.
[00:46:30] [Server thread/WARN] [FML]: Quark loaded a new chunk [146, -533] in dimension 0 (overworld) while populating chunk [147, -534], causing cascading worldgen lag.
[00:46:30] [Server thread/WARN] [FML]: Please report this to the mod's issue tracker. This log can be disabled in the Forge config.
[00:46:30] [Server thread/WARN] [FML]: Quark loaded a new chunk [147, -532] in dimension 0 (overworld) while populating chunk [147, -534], causing cascading worldgen lag.
[00:46:30] [Server thread/WARN] [FML]: Please report this to the mod's issue tracker. This log can be disabled in the Forge config.
[00:46:30] [Server thread/WARN] [FML]: Quark loaded a new chunk [146, -532] in dimension 0 (overworld) while populating chunk [147, -534], causing cascading worldgen lag.
[00:46:30] [Server thread/WARN] [FML]: Please report this to the mod's issue tracker. This log can be disabled in the Forge config.
[00:46:30] [Server thread/WARN] [FML]: Quark loaded a new chunk [145, -533] in dimension 0 (overworld) while populating chunk [146, -532], causing cascading worldgen lag.
[00:46:30] [Server thread/WARN] [FML]: Please report this to the mod's issue tracker. This log can be disabled in the Forge config.
[00:46:57] [Server thread/WARN] [FML]: Recurrent Complex loaded a new chunk [144, -531] in dimension 0 (overworld) while populating chunk [145, -532], causing cascading worldgen lag.
[00:46:57] [Server thread/WARN] [FML]: Please report this to the mod's issue tracker. This log can be disabled in the Forge config.
[00:47:03] [Server thread/WARN] [FML]: Quark loaded a new chunk [141, -531] in dimension 0 (overworld) while populating chunk [140, -531], causing cascading worldgen lag.
[00:47:03] [Server thread/WARN] [FML]: Please report this to the mod's issue tracker. This log can be disabled in the Forge config.
[00:47:03] [Server thread/WARN] [FML]: Quark loaded a new chunk [141, -530] in dimension 0 (overworld) while populating chunk [140, -531], causing cascading worldgen lag.
[00:47:03] [Server thread/WARN] [FML]: Please report this to the mod's issue tracker. This log can be disabled in the Forge config.
[00:47:12] [Server thread/INFO] [antiqueatlas]: Sending dimension #0
[00:47:12] [Server thread/INFO] [antiqueatlas]: Sent dimension #0 (19 tiles)
[00:47:12] [Server thread/INFO] [antiqueatlas]: Sent Atlas #1 data to player Donita1
[00:47:12] [Server thread/INFO] [antiqueatlas]: Sent markers data #1 to player Donita1
[00:47:14] [Server thread/WARN] [reccomplex]: Failed to find preset (transformer preset): DesertAdjustment
[00:47:14] [Server thread/WARN] [reccomplex]: Failed to find preset (transformer preset): DesertAdjustment
[00:47:14] [Server thread/WARN] [reccomplex]: Failed to find preset (transformer preset): DesertAdjustment
[00:47:30] [Server thread/INFO] [antiqueatlas]: Saving local markers data to NBT
[00:48:13] [Server thread/INFO] [net.minecraft.server.dedicated.DedicatedServer]: [TRY_KIMS: Given    [Milk] * 1 to TRY_KIMS]
[00:48:13] [Server thread/INFO] [net.minecraft.server.dedicated.DedicatedServer]: [TRY_KIMS: Given    [Milk] * 1 to Donita1]
[00:48:16] [Server thread/FATAL] [net.minecraft.server.MinecraftServer]: Error executing task
java.util.concurrent.ExecutionException: java.lang.NoSuchMethodError: net.minecraft.entity.item.EntityItem.func_174872_o()I
	at java.util.concurrent.FutureTask.report(FutureTask.java:122) ~[?:1.8.0_462]
	at java.util.concurrent.FutureTask.get(FutureTask.java:192) ~[?:1.8.0_462]
	at net.minecraft.util.Util.func_181617_a(SourceFile:47) [h.class:?]
	at net.minecraft.server.MinecraftServer.func_71190_q(MinecraftServer.java:723) [MinecraftServer.class:?]
	at net.minecraft.server.dedicated.DedicatedServer.func_71190_q(DedicatedServer.java:397) [nz.class:?]
	at net.minecraft.server.MinecraftServer.func_71217_p(MinecraftServer.java:668) [MinecraftServer.class:?]
	at net.minecraft.server.MinecraftServer.run(MinecraftServer.java:526) [MinecraftServer.class:?]
	at java.lang.Thread.run(Thread.java:750) [?:1.8.0_462]
Caused by: java.lang.NoSuchMethodError: net.minecraft.entity.item.EntityItem.func_174872_o()I
	at com.creativemd.itemphysic.physics.ServerPhysic.onCollideWithPlayer(ServerPhysic.java:149) ~[ServerPhysic.class:?]
	at com.creativemd.itemphysic.physics.ServerPhysic.processInitialInteract(ServerPhysic.java:167) ~[ServerPhysic.class:?]
	at com.creativemd.itemphysic.packet.PickupPacket.executeServer(PickupPacket.java:57) ~[PickupPacket.class:?]
	at com.creativemd.creativecore.common.packet.PacketReciever$2.run(PacketReciever.java:117) ~[PacketReciever$2.class:?]
	at java.util.concurrent.Executors$RunnableAdapter.call(Executors.java:511) ~[?:1.8.0_462]
	at java.util.concurrent.FutureTask.run(FutureTask.java:266) ~[?:1.8.0_462]
	at net.minecraft.util.Util.func_181617_a(SourceFile:46) ~[h.class:?]
	... 5 more
[00:48:16] [Server thread/FATAL] [net.minecraft.server.MinecraftServer]: Error executing task
java.util.concurrent.ExecutionException: java.lang.NoSuchMethodError: net.minecraft.entity.item.EntityItem.func_174872_o()I
	at java.util.concurrent.FutureTask.report(FutureTask.java:122) ~[?:1.8.0_462]
	at java.util.concurrent.FutureTask.get(FutureTask.java:192) ~[?:1.8.0_462]
	at net.minecraft.util.Util.func_181617_a(SourceFile:47) [h.class:?]
	at net.minecraft.server.MinecraftServer.func_71190_q(MinecraftServer.java:723) [MinecraftServer.class:?]
	at net.minecraft.server.dedicated.DedicatedServer.func_71190_q(DedicatedServer.java:397) [nz.class:?]
	at net.minecraft.server.MinecraftServer.func_71217_p(MinecraftServer.java:668) [MinecraftServer.class:?]
	at net.minecraft.server.MinecraftServer.run(MinecraftServer.java:526) [MinecraftServer.class:?]
	at java.lang.Thread.run(Thread.java:750) [?:1.8.0_462]
Caused by: java.lang.NoSuchMethodError: net.minecraft.entity.item.EntityItem.func_174872_o()I
	at com.creativemd.itemphysic.physics.ServerPhysic.onCollideWithPlayer(ServerPhysic.java:149) ~[ServerPhysic.class:?]
	at com.creativemd.itemphysic.physics.ServerPhysic.processInitialInteract(ServerPhysic.java:167) ~[ServerPhysic.class:?]
	at com.creativemd.itemphysic.packet.PickupPacket.executeServer(PickupPacket.java:57) ~[PickupPacket.class:?]
	at com.creativemd.creativecore.common.packet.PacketReciever$2.run(PacketReciever.java:117) ~[PacketReciever$2.class:?]
	at java.util.concurrent.Executors$RunnableAdapter.call(Executors.java:511) ~[?:1.8.0_462]
	at java.util.concurrent.FutureTask.run(FutureTask.java:266) ~[?:1.8.0_462]
	at net.minecraft.util.Util.func_181617_a(SourceFile:46) ~[h.class:?]
	... 5 more
[00:48:25] [Server thread/FATAL] [net.minecraft.server.MinecraftServer]: Error executing task
java.util.concurrent.ExecutionException: java.lang.NoSuchMethodError: net.minecraft.entity.item.EntityItem.func_174872_o()I
	at java.util.concurrent.FutureTask.report(FutureTask.java:122) ~[?:1.8.0_462]
	at java.util.concurrent.FutureTask.get(FutureTask.java:192) ~[?:1.8.0_462]
	at net.minecraft.util.Util.func_181617_a(SourceFile:47) [h.class:?]
	at net.minecraft.server.MinecraftServer.func_71190_q(MinecraftServer.java:723) [MinecraftServer.class:?]
	at net.minecraft.server.dedicated.DedicatedServer.func_71190_q(DedicatedServer.java:397) [nz.class:?]
	at net.minecraft.server.MinecraftServer.func_71217_p(MinecraftServer.java:668) [MinecraftServer.class:?]
	at net.minecraft.server.MinecraftServer.run(MinecraftServer.java:526) [MinecraftServer.class:?]
	at java.lang.Thread.run(Thread.java:750) [?:1.8.0_462]
Caused by: java.lang.NoSuchMethodError: net.minecraft.entity.item.EntityItem.func_174872_o()I
	at com.creativemd.itemphysic.physics.ServerPhysic.onCollideWithPlayer(ServerPhysic.java:149) ~[ServerPhysic.class:?]
	at com.creativemd.itemphysic.physics.ServerPhysic.processInitialInteract(ServerPhysic.java:167) ~[ServerPhysic.class:?]
	at com.creativemd.itemphysic.packet.PickupPacket.executeServer(PickupPacket.java:57) ~[PickupPacket.class:?]
	at com.creativemd.creativecore.common.packet.PacketReciever$2.run(PacketReciever.java:117) ~[PacketReciever$2.class:?]
	at java.util.concurrent.Executors$RunnableAdapter.call(Executors.java:511) ~[?:1.8.0_462]
	at java.util.concurrent.FutureTask.run(FutureTask.java:266) ~[?:1.8.0_462]
	at net.minecraft.util.Util.func_181617_a(SourceFile:46) ~[h.class:?]
	... 5 more
[00:48:25] [Server thread/FATAL] [net.minecraft.server.MinecraftServer]: Error executing task
java.util.concurrent.ExecutionException: java.lang.NoSuchMethodError: net.minecraft.entity.item.EntityItem.func_174872_o()I
	at java.util.concurrent.FutureTask.report(FutureTask.java:122) ~[?:1.8.0_462]
	at java.util.concurrent.FutureTask.get(FutureTask.java:192) ~[?:1.8.0_462]
	at net.minecraft.util.Util.func_181617_a(SourceFile:47) [h.class:?]
	at net.minecraft.server.MinecraftServer.func_71190_q(MinecraftServer.java:723) [MinecraftServer.class:?]
	at net.minecraft.server.dedicated.DedicatedServer.func_71190_q(DedicatedServer.java:397) [nz.class:?]
	at net.minecraft.server.MinecraftServer.func_71217_p(MinecraftServer.java:668) [MinecraftServer.class:?]
	at net.minecraft.server.MinecraftServer.run(MinecraftServer.java:526) [MinecraftServer.class:?]
	at java.lang.Thread.run(Thread.java:750) [?:1.8.0_462]
Caused by: java.lang.NoSuchMethodError: net.minecraft.entity.item.EntityItem.func_174872_o()I
	at com.creativemd.itemphysic.physics.ServerPhysic.onCollideWithPlayer(ServerPhysic.java:149) ~[ServerPhysic.class:?]
	at com.creativemd.itemphysic.physics.ServerPhysic.processInitialInteract(ServerPhysic.java:167) ~[ServerPhysic.class:?]
	at com.creativemd.itemphysic.packet.PickupPacket.executeServer(PickupPacket.java:57) ~[PickupPacket.class:?]
	at com.creativemd.creativecore.common.packet.PacketReciever$2.run(PacketReciever.java:117) ~[PacketReciever$2.class:?]
	at java.util.concurrent.Executors$RunnableAdapter.call(Executors.java:511) ~[?:1.8.0_462]
	at java.util.concurrent.FutureTask.run(FutureTask.java:266) ~[?:1.8.0_462]
	at net.minecraft.util.Util.func_181617_a(SourceFile:46) ~[h.class:?]
	... 5 more
[00:48:25] [Server thread/FATAL] [net.minecraft.server.MinecraftServer]: Error executing task
java.util.concurrent.ExecutionException: java.lang.NoSuchMethodError: net.minecraft.entity.item.EntityItem.func_174872_o()I
	at java.util.concurrent.FutureTask.report(FutureTask.java:122) ~[?:1.8.0_462]
	at java.util.concurrent.FutureTask.get(FutureTask.java:192) ~[?:1.8.0_462]
	at net.minecraft.util.Util.func_181617_a(SourceFile:47) [h.class:?]
	at net.minecraft.server.MinecraftServer.func_71190_q(MinecraftServer.java:723) [MinecraftServer.class:?]
	at net.minecraft.server.dedicated.DedicatedServer.func_71190_q(DedicatedServer.java:397) [nz.class:?]
	at net.minecraft.server.MinecraftServer.func_71217_p(MinecraftServer.java:668) [MinecraftServer.class:?]
	at net.minecraft.server.MinecraftServer.run(MinecraftServer.java:526) [MinecraftServer.class:?]
	at java.lang.Thread.run(Thread.java:750) [?:1.8.0_462]
Caused by: java.lang.NoSuchMethodError: net.minecraft.entity.item.EntityItem.func_174872_o()I
	at com.creativemd.itemphysic.physics.ServerPhysic.onCollideWithPlayer(ServerPhysic.java:149) ~[ServerPhysic.class:?]
	at com.creativemd.itemphysic.physics.ServerPhysic.processInitialInteract(ServerPhysic.java:167) ~[ServerPhysic.class:?]
	at com.creativemd.itemphysic.packet.PickupPacket.executeServer(PickupPacket.java:57) ~[PickupPacket.class:?]
	at com.creativemd.creativecore.common.packet.PacketReciever$2.run(PacketReciever.java:117) ~[PacketReciever$2.class:?]
	at java.util.concurrent.Executors$RunnableAdapter.call(Executors.java:511) ~[?:1.8.0_462]
	at java.util.concurrent.FutureTask.run(FutureTask.java:266) ~[?:1.8.0_462]
	at net.minecraft.util.Util.func_181617_a(SourceFile:46) ~[h.class:?]
	... 5 more
[00:48:25] [Server thread/FATAL] [net.minecraft.server.MinecraftServer]: Error executing task
java.util.concurrent.ExecutionException: java.lang.NoSuchMethodError: net.minecraft.entity.item.EntityItem.func_174872_o()I
	at java.util.concurrent.FutureTask.report(FutureTask.java:122) ~[?:1.8.0_462]
	at java.util.concurrent.FutureTask.get(FutureTask.java:192) ~[?:1.8.0_462]
	at net.minecraft.util.Util.func_181617_a(SourceFile:47) [h.class:?]
	at net.minecraft.server.MinecraftServer.func_71190_q(MinecraftServer.java:723) [MinecraftServer.class:?]
	at net.minecraft.server.dedicated.DedicatedServer.func_71190_q(DedicatedServer.java:397) [nz.class:?]
	at net.minecraft.server.MinecraftServer.func_71217_p(MinecraftServer.java:668) [MinecraftServer.class:?]
	at net.minecraft.server.MinecraftServer.run(MinecraftServer.java:526) [MinecraftServer.class:?]
	at java.lang.Thread.run(Thread.java:750) [?:1.8.0_462]
Caused by: java.lang.NoSuchMethodError: net.minecraft.entity.item.EntityItem.func_174872_o()I
	at com.creativemd.itemphysic.physics.ServerPhysic.onCollideWithPlayer(ServerPhysic.java:149) ~[ServerPhysic.class:?]
	at com.creativemd.itemphysic.physics.ServerPhysic.processInitialInteract(ServerPhysic.java:167) ~[ServerPhysic.class:?]
	at com.creativemd.itemphysic.packet.PickupPacket.executeServer(PickupPacket.java:57) ~[PickupPacket.class:?]
	at com.creativemd.creativecore.common.packet.PacketReciever$2.run(PacketReciever.java:117) ~[PacketReciever$2.class:?]
	at java.util.concurrent.Executors$RunnableAdapter.call(Executors.java:511) ~[?:1.8.0_462]
	at java.util.concurrent.FutureTask.run(FutureTask.java:266) ~[?:1.8.0_462]
	at net.minecraft.util.Util.func_181617_a(SourceFile:46) ~[h.class:?]
	... 5 more
[00:48:38] [Server thread/WARN] [reccomplex]: Failed to find preset (transformer preset): DesertAdjustment
[00:48:38] [Server thread/WARN] [reccomplex]: Failed to find preset (transformer preset): DesertAdjustment
[00:48:38] [Server thread/WARN] [reccomplex]: Failed to find preset (transformer preset): DesertAdjustment
[00:48:38] [Server thread/WARN] [reccomplex]: Failed to find preset (transformer preset): DesertAdjustment
[00:48:38] [Server thread/WARN] [reccomplex]: Failed to find preset (transformer preset): DesertAdjustment
[00:48:41] [Server thread/WARN] [FML]: Ruins Mod loaded a new chunk [127, -529] in dimension 0 (overworld) while populating chunk [128, -529], causing cascading worldgen lag.
[00:48:41] [Server thread/WARN] [FML]: Please report this to the mod's issue tracker. This log can be disabled in the Forge config.
[00:48:41] [Server thread/WARN] [FML]: Ruins Mod loaded a new chunk [126, -530] in dimension 0 (overworld) while populating chunk [127, -529], causing cascading worldgen lag.
[00:48:41] [Server thread/WARN] [FML]: Please report this to the mod's issue tracker. This log can be disabled in the Forge config.
[00:48:42] [Server thread/WARN] [FML]: Recurrent Complex loaded a new chunk [141, -528] in dimension 0 (overworld) while populating chunk [140, -528], causing cascading worldgen lag.
[00:48:42] [Server thread/WARN] [FML]: Please report this to the mod's issue tracker. This log can be disabled in the Forge config.
[00:48:43] [Server thread/WARN] [reccomplex]: Failed to find preset (transformer preset): DesertAdjustment
[00:48:43] [Server thread/WARN] [reccomplex]: Failed to find preset (transformer preset): DesertAdjustment
[00:48:57] [Server thread/WARN] [FML]: Recurrent Complex loaded a new chunk [0, 0] in dimension 0 (overworld) while populating chunk [141, -527], causing cascading worldgen lag.
[00:48:57] [Server thread/WARN] [FML]: Please report this to the mod's issue tracker. This log can be disabled in the Forge config.
[00:48:57] [Server thread/WARN] [FML]: Recurrent Complex loaded a new chunk [0, 1] in dimension 0 (overworld) while populating chunk [142, -527], causing cascading worldgen lag.
[00:48:57] [Server thread/WARN] [FML]: Please report this to the mod's issue tracker. This log can be disabled in the Forge config.
[00:49:00] [Server thread/WARN] [FML]: Ruins Mod loaded a new chunk [149, -539] in dimension 0 (overworld) while populating chunk [149, -538], causing cascading worldgen lag.
[00:49:00] [Server thread/WARN] [FML]: Please report this to the mod's issue tracker. This log can be disabled in the Forge config.
[00:49:00] [Server thread/WARN] [FML]: Quark loaded a new chunk [150, -545] in dimension 0 (overworld) while populating chunk [149, -544], causing cascading worldgen lag.
[00:49:00] [Server thread/WARN] [FML]: Please report this to the mod's issue tracker. This log can be disabled in the Forge config.
[00:49:06] [Server thread/WARN] [FML]: Recurrent Complex loaded a new chunk [0, 0] in dimension 0 (overworld) while populating chunk [149, -525], causing cascading worldgen lag.
[00:49:06] [Server thread/WARN] [FML]: Please report this to the mod's issue tracker. This log can be disabled in the Forge config.
[00:49:37] [Server thread/WARN] [FML]: Ruins Mod loaded a new chunk [131, -523] in dimension 0 (overworld) while populating chunk [131, -522], causing cascading worldgen lag.
[00:49:37] [Server thread/WARN] [FML]: Please report this to the mod's issue tracker. This log can be disabled in the Forge config.
[00:49:37] [Server thread/WARN] [FML]: Ruins Mod loaded a new chunk [130, -523] in dimension 0 (overworld) while populating chunk [131, -522], causing cascading worldgen lag.
[00:49:37] [Server thread/WARN] [FML]: Please report this to the mod's issue tracker. This log can be disabled in the Forge config.
[00:50:14] [Server thread/WARN] [FML]: Quark loaded a new chunk [145, -518] in dimension 0 (overworld) while populating chunk [145, -519], causing cascading worldgen lag.
[00:50:14] [Server thread/WARN] [FML]: Please report this to the mod's issue tracker. This log can be disabled in the Forge config.
[00:50:14] [Server thread/WARN] [FML]: Quark loaded a new chunk [146, -519] in dimension 0 (overworld) while populating chunk [145, -519], causing cascading worldgen lag.
[00:50:14] [Server thread/WARN] [FML]: Please report this to the mod's issue tracker. This log can be disabled in the Forge config.
[00:50:14] [Server thread/WARN] [FML]: Quark loaded a new chunk [146, -518] in dimension 0 (overworld) while populating chunk [145, -519], causing cascading worldgen lag.
[00:50:14] [Server thread/WARN] [FML]: Please report this to the mod's issue tracker. This log can be disabled in the Forge config.
[00:50:18] [Server thread/WARN] [FML]: Recurrent Complex loaded a new chunk [153, -529] in dimension 0 (overworld) while populating chunk [153, -530], causing cascading worldgen lag.
[00:50:18] [Server thread/WARN] [FML]: Please report this to the mod's issue tracker. This log can be disabled in the Forge config.
[00:50:31] [Server thread/WARN] [FML]: Quark loaded a new chunk [147, -517] in dimension 0 (overworld) while populating chunk [147, -518], causing cascading worldgen lag.
[00:50:31] [Server thread/WARN] [FML]: Please report this to the mod's issue tracker. This log can be disabled in the Forge config.
[00:51:40] [Server thread/INFO] [antiqueatlas]: Created new marker #104"gui.antiqueatlas.marker.tomb TRY_KIMS"@(2268, -8411)
[00:51:40] [Server thread/INFO] [net.minecraft.server.dedicated.DedicatedServer]: TRY_KIMS fell from a high place
[00:51:42] [Thread-149/INFO] [STDOUT]: [com.lycanitesmobs.LycanitesMobs:logInfo:278]: [LycanitesMobs] [Info] [] Online familiars loaded successfully for 5f3199fd-6670-4090-b2bc-f7f58130ab00.
[00:52:00] [Server thread/INFO] [antiqueatlas]: Saving local markers data to NBT
[00:57:03] [Server thread/WARN] [FML]: Recurrent Complex loaded a new chunk [0, 0] in dimension 0 (overworld) while populating chunk [156, -536], causing cascading worldgen lag.
[00:57:03] [Server thread/WARN] [FML]: Please report this to the mod's issue tracker. This log can be disabled in the Forge config.
[00:57:08] [Server thread/WARN] [FML]: Quark loaded a new chunk [158, -522] in dimension 0 (overworld) while populating chunk [157, -521], causing cascading worldgen lag.
[00:57:08] [Server thread/WARN] [FML]: Please report this to the mod's issue tracker. This log can be disabled in the Forge config.
[00:57:59] [Server thread/WARN] [FML]: Ruins Mod loaded a new chunk [153, -544] in dimension 0 (overworld) while populating chunk [154, -543], causing cascading worldgen lag.
[00:57:59] [Server thread/WARN] [FML]: Please report this to the mod's issue tracker. This log can be disabled in the Forge config.
[00:57:59] [Server thread/WARN] [FML]: Ruins Mod loaded a new chunk [152, -543] in dimension 0 (overworld) while populating chunk [153, -544], causing cascading worldgen lag.
[00:57:59] [Server thread/WARN] [FML]: Please report this to the mod's issue tracker. This log can be disabled in the Forge config.
[00:57:59] [Server thread/WARN] [FML]: Ruins Mod loaded a new chunk [152, -544] in dimension 0 (overworld) while populating chunk [153, -544], causing cascading worldgen lag.
[00:57:59] [Server thread/WARN] [FML]: Please report this to the mod's issue tracker. This log can be disabled in the Forge config.
[00:58:18] [Server thread/WARN] [FML]: Ruins Mod loaded a new chunk [151, -549] in dimension 0 (overworld) while populating chunk [152, -548], causing cascading worldgen lag.
[00:58:18] [Server thread/WARN] [FML]: Please report this to the mod's issue tracker. This log can be disabled in the Forge config.
[00:58:18] [Server thread/WARN] [FML]: Ruins Mod loaded a new chunk [151, -550] in dimension 0 (overworld) while populating chunk [152, -548], causing cascading worldgen lag.
[00:58:18] [Server thread/WARN] [FML]: Please report this to the mod's issue tracker. This log can be disabled in the Forge config.
[00:58:18] [Server thread/WARN] [FML]: Ruins Mod loaded a new chunk [152, -549] in dimension 0 (overworld) while populating chunk [152, -548], causing cascading worldgen lag.
[00:58:18] [Server thread/WARN] [FML]: Please report this to the mod's issue tracker. This log can be disabled in the Forge config.
[00:58:18] [Server thread/WARN] [FML]: Ruins Mod loaded a new chunk [152, -550] in dimension 0 (overworld) while populating chunk [152, -548], causing cascading worldgen lag.
[00:58:18] [Server thread/WARN] [FML]: Please report this to the mod's issue tracker. This log can be disabled in the Forge config.
[00:58:29] [Server thread/INFO] [net.minecraft.server.dedicated.DedicatedServer]: [Donita1: Teleported Donita1 to TRY_KIMS]
[01:01:04] [Server thread/WARN] [FML]: Ruins Mod loaded a new chunk [152, -557] in dimension 0 (overworld) while populating chunk [153, -556], causing cascading worldgen lag.
[01:01:04] [Server thread/WARN] [FML]: Please report this to the mod's issue tracker. This log can be disabled in the Forge config.
[01:01:17] [Server thread/WARN] [FML]: Ruins Mod loaded a new chunk [158, -555] in dimension 0 (overworld) while populating chunk [158, -556], causing cascading worldgen lag.
[01:01:17] [Server thread/WARN] [FML]: Please report this to the mod's issue tracker. This log can be disabled in the Forge config.
[01:01:22] [Server thread/INFO] [STDOUT]: [atomicstryker.battletowers.common.AS_WorldGenTower:generate:538]: Dimension 0 Battle Tower type CobbleStoneMossy spawned at [ 2568 | -8792 ], underground: true
